# JRE version: Java(TM) SE Runtime Environment (8.0_111-b14) (build 1.8.0_111-b14)
# Java VM: Java HotSpot(TM) 64-Bit Server VM (25.111-b14 mixed mode windows-amd64 compressed oops)
Heap:
 PSYoungGen      total 54272K, used 1975K [0x00000000eaf00000, 0x00000000eee80000, 0x0000000100000000)
  eden space 44032K, 4% used [0x00000000eaf00000,0x00000000eb0eded0,0x00000000eda00000)
  from space 10240K, 0% used [0x00000000eda00000,0x00000000eda00000,0x00000000ee400000)
  to   space 8192K, 0% used [0x00000000ee400000,0x00000000ee400000,0x00000000eec00000)
 ParOldGen       total 53760K, used 16355K [0x00000000c0c00000, 0x00000000c4080000, 0x00000000eaf00000)
  object space 53760K, 30% used [0x00000000c0c00000,0x00000000c1bf8c58,0x00000000c4080000)
 Metaspace       used 34111K, capacity 35476K, committed 35712K, reserved 1079296K
  class space    used 4661K, capacity 4946K, committed 4992K, reserved 1048576K
GC Heap History (10 events):
Event: 3.995 GC heap before
{Heap before GC invocations=5 (full 1):
 PSYoungGen      total 35328K, used 2528K [0x00000000eaf00000, 0x00000000ed400000, 0x0000000100000000)
  eden space 32768K, 0% used [0x00000000eaf00000,0x00000000eaf00000,0x00000000ecf00000)
  from space 2560K, 98% used [0x00000000ed180000,0x00000000ed3f8030,0x00000000ed400000)
  to   space 2560K, 0% used [0x00000000ecf00000,0x00000000ecf00000,0x00000000ed180000)
 ParOldGen       total 44032K, used 9329K [0x00000000c0c00000, 0x00000000c3700000, 0x00000000eaf00000)
  object space 44032K, 21% used [0x00000000c0c00000,0x00000000c151c430,0x00000000c3700000)
 Metaspace       used 20338K, capacity 21084K, committed 21296K, reserved 1067008K
  class space    used 2884K, capacity 3080K, committed 3200K, reserved 1048576K
Event: 4.061 GC heap after
Heap after GC invocations=5 (full 1):
 PSYoungGen      total 35328K, used 0K [0x00000000eaf00000, 0x00000000ed400000, 0x0000000100000000)
  eden space 32768K, 0% used [0x00000000eaf00000,0x00000000eaf00000,0x00000000ecf00000)
  from space 2560K, 0% used [0x00000000ed180000,0x00000000ed180000,0x00000000ed400000)
  to   space 2560K, 0% used [0x00000000ecf00000,0x00000000ecf00000,0x00000000ed180000)
 ParOldGen       total 42496K, used 11472K [0x00000000c0c00000, 0x00000000c3580000, 0x00000000eaf00000)
  object space 42496K, 26% used [0x00000000c0c00000,0x00000000c17342c0,0x00000000c3580000)
 Metaspace       used 20338K, capacity 21084K, committed 21296K, reserved 1067008K
  class space    used 2884K, capacity 3080K, committed 3200K, reserved 1048576K
}
Event: 5.047 GC heap before
{Heap before GC invocations=6 (full 1):
 PSYoungGen      total 35328K, used 32768K [0x00000000eaf00000, 0x00000000ed400000, 0x0000000100000000)
  eden space 32768K, 100% used [0x00000000eaf00000,0x00000000ecf00000,0x00000000ecf00000)
  from space 2560K, 0% used [0x00000000ed180000,0x00000000ed180000,0x00000000ed400000)
  to   space 2560K, 0% used [0x00000000ecf00000,0x00000000ecf00000,0x00000000ed180000)
 ParOldGen       total 42496K, used 11472K [0x00000000c0c00000, 0x00000000c3580000, 0x00000000eaf00000)
  object space 42496K, 26% used [0x00000000c0c00000,0x00000000c17342c0,0x00000000c3580000)
 Metaspace       used 27575K, capacity 28258K, committed 28672K, reserved 1073152K
  class space    used 3796K, capacity 3977K, committed 4096K, reserved 1048576K
Event: 5.057 GC heap after
Heap after GC invocations=6 (full 1):
 PSYoungGen      total 35328K, used 2536K [0x00000000eaf00000, 0x00000000eec00000, 0x0000000100000000)
  eden space 32768K, 0% used [0x00000000eaf00000,0x00000000eaf00000,0x00000000ecf00000)
  from space 2560K, 99% used [0x00000000ecf00000,0x00000000ed17a020,0x00000000ed180000)
  to   space 8192K, 0% used [0x00000000ee400000,0x00000000ee400000,0x00000000eec00000)
 ParOldGen       total 42496K, used 15383K [0x00000000c0c00000, 0x00000000c3580000, 0x00000000eaf00000)
  object space 42496K, 36% used [0x00000000c0c00000,0x00000000c1b05fc8,0x00000000c3580000)
 Metaspace       used 27575K, capacity 28258K, committed 28672K, reserved 1073152K
  class space    used 3796K, capacity 3977K, committed 4096K, reserved 1048576K
}
Event: 13.923 GC heap before
{Heap before GC invocations=7 (full 1):
 PSYoungGen      total 35328K, used 35304K [0x00000000eaf00000, 0x00000000eec00000, 0x0000000100000000)
  eden space 32768K, 100% used [0x00000000eaf00000,0x00000000ecf00000,0x00000000ecf00000)
  from space 2560K, 99% used [0x00000000ecf00000,0x00000000ed17a020,0x00000000ed180000)
  to   space 8192K, 0% used [0x00000000ee400000,0x00000000ee400000,0x00000000eec00000)
 ParOldGen       total 42496K, used 15383K [0x00000000c0c00000, 0x00000000c3580000, 0x00000000eaf00000)
  object space 42496K, 36% used [0x00000000c0c00000,0x00000000c1b05fc8,0x00000000c3580000)
 Metaspace       used 33992K, capacity 35388K, committed 35456K, reserved 1079296K
  class space    used 4657K, capacity 4942K, committed 4992K, reserved 1048576K
Event: 13.957 GC heap after
Heap after GC invocations=7 (full 1):
 PSYoungGen      total 52224K, used 8164K [0x00000000eaf00000, 0x00000000eee80000, 0x0000000100000000)
  eden space 44032K, 0% used [0x00000000eaf00000,0x00000000eaf00000,0x00000000eda00000)
  from space 8192K, 99% used [0x00000000ee400000,0x00000000eebf9380,0x00000000eec00000)
  to   space 10240K, 0% used [0x00000000eda00000,0x00000000eda00000,0x00000000ee400000)
 ParOldGen       total 42496K, used 16642K [0x00000000c0c00000, 0x00000000c3580000, 0x00000000eaf00000)
  object space 42496K, 39% used [0x00000000c0c00000,0x00000000c1c40ab8,0x00000000c3580000)
 Metaspace       used 33992K, capacity 35388K, committed 35456K, reserved 1079296K
  class space    used 4657K, capacity 4942K, committed 4992K, reserved 1048576K
}
Event: 14.022 GC heap before
{Heap before GC invocations=8 (full 1):
 PSYoungGen      total 52224K, used 10172K [0x00000000eaf00000, 0x00000000eee80000, 0x0000000100000000)
  eden space 44032K, 4% used [0x00000000eaf00000,0x00000000eb0f5d60,0x00000000eda00000)
  from space 8192K, 99% used [0x00000000ee400000,0x00000000eebf9380,0x00000000eec00000)
  to   space 10240K, 0% used [0x00000000eda00000,0x00000000eda00000,0x00000000ee400000)
 ParOldGen       total 42496K, used 16642K [0x00000000c0c00000, 0x00000000c3580000, 0x00000000eaf00000)
  object space 42496K, 39% used [0x00000000c0c00000,0x00000000c1c40ab8,0x00000000c3580000)
 Metaspace       used 34041K, capacity 35394K, committed 35456K, reserved 1079296K
  class space    used 4658K, capacity 4943K, committed 4992K, reserved 1048576K
Event: 14.037 GC heap after
Heap after GC invocations=8 (full 1):
 PSYoungGen      total 54272K, used 7952K [0x00000000eaf00000, 0x00000000eee80000, 0x0000000100000000)
  eden space 44032K, 0% used [0x00000000eaf00000,0x00000000eaf00000,0x00000000eda00000)
  from space 10240K, 77% used [0x00000000eda00000,0x00000000ee1c40c0,0x00000000ee400000)
  to   space 8192K, 0% used [0x00000000ee400000,0x00000000ee400000,0x00000000eec00000)
 ParOldGen       total 42496K, used 16650K [0x00000000c0c00000, 0x00000000c3580000, 0x00000000eaf00000)
  object space 42496K, 39% used [0x00000000c0c00000,0x00000000c1c42ab8,0x00000000c3580000)
 Metaspace       used 34041K, capacity 35394K, committed 35456K, reserved 1079296K
  class space    used 4658K, capacity 4943K, committed 4992K, reserved 1048576K
}
Event: 14.037 GC heap before
{Heap before GC invocations=9 (full 2):
 PSYoungGen      total 54272K, used 7952K [0x00000000eaf00000, 0x00000000eee80000, 0x0000000100000000)
  eden space 44032K, 0% used [0x00000000eaf00000,0x00000000eaf00000,0x00000000eda00000)
  from space 10240K, 77% used [0x00000000eda00000,0x00000000ee1c40c0,0x00000000ee400000)
  to   space 8192K, 0% used [0x00000000ee400000,0x00000000ee400000,0x00000000eec00000)
 ParOldGen       total 42496K, used 16650K [0x00000000c0c00000, 0x00000000c3580000, 0x00000000eaf00000)
  object space 42496K, 39% used [0x00000000c0c00000,0x00000000c1c42ab8,0x00000000c3580000)
 Metaspace       used 34041K, capacity 35394K, committed 35456K, reserved 1079296K
  class space    used 4658K, capacity 4943K, committed 4992K, reserved 1048576K
Event: 14.138 GC heap after
Heap after GC invocations=9 (full 2):
 PSYoungGen      total 54272K, used 0K [0x00000000eaf00000, 0x00000000eee80000, 0x0000000100000000)
  eden space 44032K, 0% used [0x00000000eaf00000,0x00000000eaf00000,0x00000000eda00000)
  from space 10240K, 0% used [0x00000000eda00000,0x00000000eda00000,0x00000000ee400000)
  to   space 8192K, 0% used [0x00000000ee400000,0x00000000ee400000,0x00000000eec00000)
 ParOldGen       total 53760K, used 16355K [0x00000000c0c00000, 0x00000000c4080000, 0x00000000eaf00000)
  object space 53760K, 30% used [0x00000000c0c00000,0x00000000c1bf8c58,0x00000000c4080000)
 Metaspace       used 34041K, capacity 35394K, committed 35456K, reserved 1079296K
  class space    used 4658K, capacity 4943K, committed 4992K, reserved 1048576K
}

