# JRE version: Java(TM) SE Runtime Environment (8.0_111-b14) (build 1.8.0_111-b14)
# Java VM: Java HotSpot(TM) 64-Bit Server VM (25.111-b14 mixed mode windows-amd64 compressed oops)
Heap:
 PSYoungGen      total 35328K, used 26219K [0x00000000eaf00000, 0x00000000ef080000, 0x0000000100000000)
  eden space 32768K, 72% used [0x00000000eaf00000,0x00000000ec61f058,0x00000000ecf00000)
  from space 2560K, 99% used [0x00000000ecf00000,0x00000000ed17bcf8,0x00000000ed180000)
  to   space 8192K, 0% used [0x00000000ee880000,0x00000000ee880000,0x00000000ef080000)
 ParOldGen       total 39936K, used 15202K [0x00000000c0c00000, 0x00000000c3300000, 0x00000000eaf00000)
  object space 39936K, 38% used [0x00000000c0c00000,0x00000000c1ad8880,0x00000000c3300000)
 Metaspace       used 32334K, capacity 33636K, committed 33920K, reserved 1079296K
  class space    used 4425K, capacity 4696K, committed 4736K, reserved 1048576K
GC Heap History (10 events):
Event: 3.009 GC heap before
{Heap before GC invocations=2 (full 0):
 PSYoungGen      total 18944K, used 18912K [0x00000000eaf00000, 0x00000000ec400000, 0x0000000100000000)
  eden space 16384K, 100% used [0x00000000eaf00000,0x00000000ebf00000,0x00000000ebf00000)
  from space 2560K, 98% used [0x00000000ebf00000,0x00000000ec178040,0x00000000ec180000)
  to   space 2560K, 0% used [0x00000000ec180000,0x00000000ec180000,0x00000000ec400000)
 ParOldGen       total 44032K, used 16K [0x00000000c0c00000, 0x00000000c3700000, 0x00000000eaf00000)
  object space 44032K, 0% used [0x00000000c0c00000,0x00000000c0c04000,0x00000000c3700000)
 Metaspace       used 15718K, capacity 16348K, committed 16512K, reserved 1062912K
  class space    used 2185K, capacity 2378K, committed 2432K, reserved 1048576K
Event: 3.020 GC heap after
Heap after GC invocations=2 (full 0):
 PSYoungGen      total 18944K, used 2528K [0x00000000eaf00000, 0x00000000ec400000, 0x0000000100000000)
  eden space 16384K, 0% used [0x00000000eaf00000,0x00000000eaf00000,0x00000000ebf00000)
  from space 2560K, 98% used [0x00000000ec180000,0x00000000ec3f8050,0x00000000ec400000)
  to   space 2560K, 0% used [0x00000000ebf00000,0x00000000ebf00000,0x00000000ec180000)
 ParOldGen       total 44032K, used 5367K [0x00000000c0c00000, 0x00000000c3700000, 0x00000000eaf00000)
  object space 44032K, 12% used [0x00000000c0c00000,0x00000000c113de50,0x00000000c3700000)
 Metaspace       used 15718K, capacity 16348K, committed 16512K, reserved 1062912K
  class space    used 2185K, capacity 2378K, committed 2432K, reserved 1048576K
}
Event: 3.251 GC heap before
{Heap before GC invocations=3 (full 0):
 PSYoungGen      total 18944K, used 18876K [0x00000000eaf00000, 0x00000000ec400000, 0x0000000100000000)
  eden space 16384K, 99% used [0x00000000eaf00000,0x00000000ebef7360,0x00000000ebf00000)
  from space 2560K, 98% used [0x00000000ec180000,0x00000000ec3f8050,0x00000000ec400000)
  to   space 2560K, 0% used [0x00000000ebf00000,0x00000000ebf00000,0x00000000ec180000)
 ParOldGen       total 44032K, used 5367K [0x00000000c0c00000, 0x00000000c3700000, 0x00000000eaf00000)
  object space 44032K, 12% used [0x00000000c0c00000,0x00000000c113de50,0x00000000c3700000)
 Metaspace       used 16808K, capacity 17456K, committed 17792K, reserved 1064960K
  class space    used 2408K, capacity 2598K, committed 2688K, reserved 1048576K
Event: 3.257 GC heap after
Heap after GC invocations=3 (full 0):
 PSYoungGen      total 18944K, used 2528K [0x00000000eaf00000, 0x00000000ed400000, 0x0000000100000000)
  eden space 16384K, 0% used [0x00000000eaf00000,0x00000000eaf00000,0x00000000ebf00000)
  from space 2560K, 98% used [0x00000000ebf00000,0x00000000ec178030,0x00000000ec180000)
  to   space 2560K, 0% used [0x00000000ed180000,0x00000000ed180000,0x00000000ed400000)
 ParOldGen       total 44032K, used 6918K [0x00000000c0c00000, 0x00000000c3700000, 0x00000000eaf00000)
  object space 44032K, 15% used [0x00000000c0c00000,0x00000000c12c1ae8,0x00000000c3700000)
 Metaspace       used 16808K, capacity 17456K, committed 17792K, reserved 1064960K
  class space    used 2408K, capacity 2598K, committed 2688K, reserved 1048576K
}
Event: 3.581 GC heap before
{Heap before GC invocations=4 (full 0):
 PSYoungGen      total 18944K, used 15064K [0x00000000eaf00000, 0x00000000ed400000, 0x0000000100000000)
  eden space 16384K, 76% used [0x00000000eaf00000,0x00000000ebb3e168,0x00000000ebf00000)
  from space 2560K, 98% used [0x00000000ebf00000,0x00000000ec178030,0x00000000ec180000)
  to   space 2560K, 0% used [0x00000000ed180000,0x00000000ed180000,0x00000000ed400000)
 ParOldGen       total 44032K, used 6918K [0x00000000c0c00000, 0x00000000c3700000, 0x00000000eaf00000)
  object space 44032K, 15% used [0x00000000c0c00000,0x00000000c12c1ae8,0x00000000c3700000)
 Metaspace       used 20386K, capacity 21072K, committed 21296K, reserved 1067008K
  class space    used 2890K, capacity 3078K, committed 3200K, reserved 1048576K
Event: 3.589 GC heap after
Heap after GC invocations=4 (full 0):
 PSYoungGen      total 35328K, used 2544K [0x00000000eaf00000, 0x00000000ed400000, 0x0000000100000000)
  eden space 32768K, 0% used [0x00000000eaf00000,0x00000000eaf00000,0x00000000ecf00000)
  from space 2560K, 99% used [0x00000000ed180000,0x00000000ed3fc040,0x00000000ed400000)
  to   space 2560K, 0% used [0x00000000ecf00000,0x00000000ecf00000,0x00000000ed180000)
 ParOldGen       total 44032K, used 9309K [0x00000000c0c00000, 0x00000000c3700000, 0x00000000eaf00000)
  object space 44032K, 21% used [0x00000000c0c00000,0x00000000c1517498,0x00000000c3700000)
 Metaspace       used 20386K, capacity 21072K, committed 21296K, reserved 1067008K
  class space    used 2890K, capacity 3078K, committed 3200K, reserved 1048576K
}
Event: 3.589 GC heap before
{Heap before GC invocations=5 (full 1):
 PSYoungGen      total 35328K, used 2544K [0x00000000eaf00000, 0x00000000ed400000, 0x0000000100000000)
  eden space 32768K, 0% used [0x00000000eaf00000,0x00000000eaf00000,0x00000000ecf00000)
  from space 2560K, 99% used [0x00000000ed180000,0x00000000ed3fc040,0x00000000ed400000)
  to   space 2560K, 0% used [0x00000000ecf00000,0x00000000ecf00000,0x00000000ed180000)
 ParOldGen       total 44032K, used 9309K [0x00000000c0c00000, 0x00000000c3700000, 0x00000000eaf00000)
  object space 44032K, 21% used [0x00000000c0c00000,0x00000000c1517498,0x00000000c3700000)
 Metaspace       used 20386K, capacity 21072K, committed 21296K, reserved 1067008K
  class space    used 2890K, capacity 3078K, committed 3200K, reserved 1048576K
Event: 3.626 GC heap after
Heap after GC invocations=5 (full 1):
 PSYoungGen      total 35328K, used 0K [0x00000000eaf00000, 0x00000000ed400000, 0x0000000100000000)
  eden space 32768K, 0% used [0x00000000eaf00000,0x00000000eaf00000,0x00000000ecf00000)
  from space 2560K, 0% used [0x00000000ed180000,0x00000000ed180000,0x00000000ed400000)
  to   space 2560K, 0% used [0x00000000ecf00000,0x00000000ecf00000,0x00000000ed180000)
 ParOldGen       total 39936K, used 11309K [0x00000000c0c00000, 0x00000000c3300000, 0x00000000eaf00000)
  object space 39936K, 28% used [0x00000000c0c00000,0x00000000c170b688,0x00000000c3300000)
 Metaspace       used 20386K, capacity 21072K, committed 21296K, reserved 1067008K
  class space    used 2890K, capacity 3078K, committed 3200K, reserved 1048576K
}
Event: 4.665 GC heap before
{Heap before GC invocations=6 (full 1):
 PSYoungGen      total 35328K, used 32768K [0x00000000eaf00000, 0x00000000ed400000, 0x0000000100000000)
  eden space 32768K, 100% used [0x00000000eaf00000,0x00000000ecf00000,0x00000000ecf00000)
  from space 2560K, 0% used [0x00000000ed180000,0x00000000ed180000,0x00000000ed400000)
  to   space 2560K, 0% used [0x00000000ecf00000,0x00000000ecf00000,0x00000000ed180000)
 ParOldGen       total 39936K, used 11309K [0x00000000c0c00000, 0x00000000c3300000, 0x00000000eaf00000)
  object space 39936K, 28% used [0x00000000c0c00000,0x00000000c170b688,0x00000000c3300000)
 Metaspace       used 27609K, capacity 28310K, committed 28672K, reserved 1073152K
  class space    used 3795K, capacity 3975K, committed 4096K, reserved 1048576K
Event: 4.675 GC heap after
Heap after GC invocations=6 (full 1):
 PSYoungGen      total 35328K, used 2543K [0x00000000eaf00000, 0x00000000ef080000, 0x0000000100000000)
  eden space 32768K, 0% used [0x00000000eaf00000,0x00000000eaf00000,0x00000000ecf00000)
  from space 2560K, 99% used [0x00000000ecf00000,0x00000000ed17bcf8,0x00000000ed180000)
  to   space 8192K, 0% used [0x00000000ee880000,0x00000000ee880000,0x00000000ef080000)
 ParOldGen       total 39936K, used 15202K [0x00000000c0c00000, 0x00000000c3300000, 0x00000000eaf00000)
  object space 39936K, 38% used [0x00000000c0c00000,0x00000000c1ad8880,0x00000000c3300000)
 Metaspace       used 27609K, capacity 28310K, committed 28672K, reserved 1073152K
  class space    used 3795K, capacity 3975K, committed 4096K, reserved 1048576K
}

