# JRE version: Java(TM) SE Runtime Environment (8.0_111-b14) (build 1.8.0_111-b14)
# Java VM: Java HotSpot(TM) 64-Bit Server VM (25.111-b14 mixed mode windows-amd64 compressed oops)
Heap:
 PSYoungGen      total 53248K, used 2713K [0x00000000eaf00000, 0x00000000f0700000, 0x0000000100000000)
  eden space 43008K, 6% used [0x00000000eaf00000,0x00000000eb1a6718,0x00000000ed900000)
  from space 10240K, 0% used [0x00000000ed900000,0x00000000ed900000,0x00000000ee300000)
  to   space 10752K, 0% used [0x00000000efc80000,0x00000000efc80000,0x00000000f0700000)
 ParOldGen       total 43008K, used 16210K [0x00000000c0c00000, 0x00000000c3600000, 0x00000000eaf00000)
  object space 43008K, 37% used [0x00000000c0c00000,0x00000000c1bd4bd0,0x00000000c3600000)
 Metaspace       used 34150K, capacity 35544K, committed 35712K, reserved 1079296K
  class space    used 4664K, capacity 4946K, committed 4992K, reserved 1048576K
GC Heap History (10 events):
Event: 3.359 GC heap before
{Heap before GC invocations=5 (full 1):
 PSYoungGen      total 35328K, used 2528K [0x00000000eaf00000, 0x00000000ed400000, 0x0000000100000000)
  eden space 32768K, 0% used [0x00000000eaf00000,0x00000000eaf00000,0x00000000ecf00000)
  from space 2560K, 98% used [0x00000000ed180000,0x00000000ed3f8030,0x00000000ed400000)
  to   space 2560K, 0% used [0x00000000ecf00000,0x00000000ecf00000,0x00000000ed180000)
 ParOldGen       total 44032K, used 9370K [0x00000000c0c00000, 0x00000000c3700000, 0x00000000eaf00000)
  object space 44032K, 21% used [0x00000000c0c00000,0x00000000c1526960,0x00000000c3700000)
 Metaspace       used 20386K, capacity 21104K, committed 21296K, reserved 1067008K
  class space    used 2890K, capacity 3110K, committed 3200K, reserved 1048576K
Event: 3.438 GC heap after
Heap after GC invocations=5 (full 1):
 PSYoungGen      total 35328K, used 0K [0x00000000eaf00000, 0x00000000ed400000, 0x0000000100000000)
  eden space 32768K, 0% used [0x00000000eaf00000,0x00000000eaf00000,0x00000000ecf00000)
  from space 2560K, 0% used [0x00000000ed180000,0x00000000ed180000,0x00000000ed400000)
  to   space 2560K, 0% used [0x00000000ecf00000,0x00000000ecf00000,0x00000000ed180000)
 ParOldGen       total 43008K, used 11270K [0x00000000c0c00000, 0x00000000c3600000, 0x00000000eaf00000)
  object space 43008K, 26% used [0x00000000c0c00000,0x00000000c17018c0,0x00000000c3600000)
 Metaspace       used 20386K, capacity 21104K, committed 21296K, reserved 1067008K
  class space    used 2890K, capacity 3110K, committed 3200K, reserved 1048576K
}
Event: 4.455 GC heap before
{Heap before GC invocations=6 (full 1):
 PSYoungGen      total 35328K, used 32768K [0x00000000eaf00000, 0x00000000ed400000, 0x0000000100000000)
  eden space 32768K, 100% used [0x00000000eaf00000,0x00000000ecf00000,0x00000000ecf00000)
  from space 2560K, 0% used [0x00000000ed180000,0x00000000ed180000,0x00000000ed400000)
  to   space 2560K, 0% used [0x00000000ecf00000,0x00000000ecf00000,0x00000000ed180000)
 ParOldGen       total 43008K, used 11270K [0x00000000c0c00000, 0x00000000c3600000, 0x00000000eaf00000)
  object space 43008K, 26% used [0x00000000c0c00000,0x00000000c17018c0,0x00000000c3600000)
 Metaspace       used 27574K, capacity 28246K, committed 28416K, reserved 1073152K
  class space    used 3792K, capacity 3975K, committed 4096K, reserved 1048576K
Event: 4.464 GC heap after
Heap after GC invocations=6 (full 1):
 PSYoungGen      total 35328K, used 2543K [0x00000000eaf00000, 0x00000000eeb00000, 0x0000000100000000)
  eden space 32768K, 0% used [0x00000000eaf00000,0x00000000eaf00000,0x00000000ecf00000)
  from space 2560K, 99% used [0x00000000ecf00000,0x00000000ed17bcf8,0x00000000ed180000)
  to   space 8192K, 0% used [0x00000000ee300000,0x00000000ee300000,0x00000000eeb00000)
 ParOldGen       total 43008K, used 15163K [0x00000000c0c00000, 0x00000000c3600000, 0x00000000eaf00000)
  object space 43008K, 35% used [0x00000000c0c00000,0x00000000c1acec80,0x00000000c3600000)
 Metaspace       used 27574K, capacity 28246K, committed 28416K, reserved 1073152K
  class space    used 3792K, capacity 3975K, committed 4096K, reserved 1048576K
}
Event: 13.570 GC heap before
{Heap before GC invocations=7 (full 1):
 PSYoungGen      total 35328K, used 35311K [0x00000000eaf00000, 0x00000000eeb00000, 0x0000000100000000)
  eden space 32768K, 100% used [0x00000000eaf00000,0x00000000ecf00000,0x00000000ecf00000)
  from space 2560K, 99% used [0x00000000ecf00000,0x00000000ed17bcf8,0x00000000ed180000)
  to   space 8192K, 0% used [0x00000000ee300000,0x00000000ee300000,0x00000000eeb00000)
 ParOldGen       total 43008K, used 15163K [0x00000000c0c00000, 0x00000000c3600000, 0x00000000eaf00000)
  object space 43008K, 35% used [0x00000000c0c00000,0x00000000c1acec80,0x00000000c3600000)
 Metaspace       used 33986K, capacity 35328K, committed 35456K, reserved 1079296K
  class space    used 4657K, capacity 4942K, committed 4992K, reserved 1048576K
Event: 13.590 GC heap after
Heap after GC invocations=7 (full 1):
 PSYoungGen      total 51200K, used 8182K [0x00000000eaf00000, 0x00000000eed00000, 0x0000000100000000)
  eden space 43008K, 0% used [0x00000000eaf00000,0x00000000eaf00000,0x00000000ed900000)
  from space 8192K, 99% used [0x00000000ee300000,0x00000000eeafd8d0,0x00000000eeb00000)
  to   space 10240K, 0% used [0x00000000ed900000,0x00000000ed900000,0x00000000ee300000)
 ParOldGen       total 43008K, used 16373K [0x00000000c0c00000, 0x00000000c3600000, 0x00000000eaf00000)
  object space 43008K, 38% used [0x00000000c0c00000,0x00000000c1bfd528,0x00000000c3600000)
 Metaspace       used 33986K, capacity 35328K, committed 35456K, reserved 1079296K
  class space    used 4657K, capacity 4942K, committed 4992K, reserved 1048576K
}
Event: 13.719 GC heap before
{Heap before GC invocations=8 (full 1):
 PSYoungGen      total 51200K, used 10120K [0x00000000eaf00000, 0x00000000eed00000, 0x0000000100000000)
  eden space 43008K, 4% used [0x00000000eaf00000,0x00000000eb0e48d8,0x00000000ed900000)
  from space 8192K, 99% used [0x00000000ee300000,0x00000000eeafd8d0,0x00000000eeb00000)
  to   space 10240K, 0% used [0x00000000ed900000,0x00000000ed900000,0x00000000ee300000)
 ParOldGen       total 43008K, used 16373K [0x00000000c0c00000, 0x00000000c3600000, 0x00000000eaf00000)
  object space 43008K, 38% used [0x00000000c0c00000,0x00000000c1bfd528,0x00000000c3600000)
 Metaspace       used 34071K, capacity 35398K, committed 35456K, reserved 1079296K
  class space    used 4658K, capacity 4943K, committed 4992K, reserved 1048576K
Event: 13.734 GC heap after
Heap after GC invocations=8 (full 1):
 PSYoungGen      total 53248K, used 7986K [0x00000000eaf00000, 0x00000000f0700000, 0x0000000100000000)
  eden space 43008K, 0% used [0x00000000eaf00000,0x00000000eaf00000,0x00000000ed900000)
  from space 10240K, 77% used [0x00000000ed900000,0x00000000ee0ccb10,0x00000000ee300000)
  to   space 10752K, 0% used [0x00000000efc80000,0x00000000efc80000,0x00000000f0700000)
 ParOldGen       total 43008K, used 16381K [0x00000000c0c00000, 0x00000000c3600000, 0x00000000eaf00000)
  object space 43008K, 38% used [0x00000000c0c00000,0x00000000c1bff528,0x00000000c3600000)
 Metaspace       used 34071K, capacity 35398K, committed 35456K, reserved 1079296K
  class space    used 4658K, capacity 4943K, committed 4992K, reserved 1048576K
}
Event: 13.734 GC heap before
{Heap before GC invocations=9 (full 2):
 PSYoungGen      total 53248K, used 7986K [0x00000000eaf00000, 0x00000000f0700000, 0x0000000100000000)
  eden space 43008K, 0% used [0x00000000eaf00000,0x00000000eaf00000,0x00000000ed900000)
  from space 10240K, 77% used [0x00000000ed900000,0x00000000ee0ccb10,0x00000000ee300000)
  to   space 10752K, 0% used [0x00000000efc80000,0x00000000efc80000,0x00000000f0700000)
 ParOldGen       total 43008K, used 16381K [0x00000000c0c00000, 0x00000000c3600000, 0x00000000eaf00000)
  object space 43008K, 38% used [0x00000000c0c00000,0x00000000c1bff528,0x00000000c3600000)
 Metaspace       used 34071K, capacity 35398K, committed 35456K, reserved 1079296K
  class space    used 4658K, capacity 4943K, committed 4992K, reserved 1048576K
Event: 13.831 GC heap after
Heap after GC invocations=9 (full 2):
 PSYoungGen      total 53248K, used 0K [0x00000000eaf00000, 0x00000000f0700000, 0x0000000100000000)
  eden space 43008K, 0% used [0x00000000eaf00000,0x00000000eaf00000,0x00000000ed900000)
  from space 10240K, 0% used [0x00000000ed900000,0x00000000ed900000,0x00000000ee300000)
  to   space 10752K, 0% used [0x00000000efc80000,0x00000000efc80000,0x00000000f0700000)
 ParOldGen       total 43008K, used 16210K [0x00000000c0c00000, 0x00000000c3600000, 0x00000000eaf00000)
  object space 43008K, 37% used [0x00000000c0c00000,0x00000000c1bd4bd0,0x00000000c3600000)
 Metaspace       used 34071K, capacity 35398K, committed 35456K, reserved 1079296K
  class space    used 4658K, capacity 4943K, committed 4992K, reserved 1048576K
}

